<?xml version="1.0" encoding="UTF-8"?>
<testsuite xmlns:xsi="http://www.w3.org/2001/XMLSchema-instance" xsi:noNamespaceSchemaLocation="https://maven.apache.org/surefire/maven-surefire-plugin/xsd/surefire-test-report.xsd" name="truss.AppTest" time="0.055" tests="1" errors="0" skipped="0" failures="0">
  <properties>
    <property name="sun.desktop" value="windows"/>
    <property name="awt.toolkit" value="sun.awt.windows.WToolkit"/>
    <property name="java.specification.version" value="11"/>
    <property name="sun.cpu.isalist" value="amd64"/>
    <property name="sun.jnu.encoding" value="Cp1252"/>
    <property name="java.class.path" value="C:\Users\dhair\Documents\Truss\target\test-classes;C:\Users\dhair\Documents\Truss\target\classes;C:\Users\dhair\.m2\repository\junit\junit\4.11\junit-4.11.jar;C:\Users\dhair\.m2\repository\org\hamcrest\hamcrest-core\1.3\hamcrest-core-1.3.jar;C:\Users\dhair\.m2\repository\org\openjfx\javafx-controls\11\javafx-controls-11.jar;C:\Users\dhair\.m2\repository\org\openjfx\javafx-controls\11\javafx-controls-11-win.jar;C:\Users\dhair\.m2\repository\org\openjfx\javafx-graphics\11\javafx-graphics-11.jar;C:\Users\dhair\.m2\repository\org\openjfx\javafx-graphics\11\javafx-graphics-11-win.jar;C:\Users\dhair\.m2\repository\org\openjfx\javafx-base\11\javafx-base-11.jar;C:\Users\dhair\.m2\repository\org\openjfx\javafx-base\11\javafx-base-11-win.jar;"/>
    <property name="java.vm.vendor" value="Oracle Corporation"/>
    <property name="sun.arch.data.model" value="64"/>
    <property name="user.variant" value=""/>
    <property name="java.vendor.url" value="http://java.oracle.com/"/>
    <property name="user.timezone" value="America/New_York"/>
    <property name="java.vm.specification.version" value="11"/>
    <property name="os.name" value="Windows 10"/>
    <property name="sun.java.launcher" value="SUN_STANDARD"/>
    <property name="user.country" value="US"/>
    <property name="sun.boot.library.path" value="C:\Program Files\Java\jdk-11.0.1\bin"/>
    <property name="sun.java.command" value="C:\Users\dhair\AppData\Local\Temp\surefire3556660613645892875\surefirebooter542067982640901061.jar C:\Users\dhair\AppData\Local\Temp\surefire3556660613645892875 2018-12-26T18-12-52_035-jvmRun1 surefire5754164684691266364tmp surefire_07286175204191986306tmp"/>
    <property name="jdk.debug" value="release"/>
    <property name="surefire.test.class.path" value="C:\Users\dhair\Documents\Truss\target\test-classes;C:\Users\dhair\Documents\Truss\target\classes;C:\Users\dhair\.m2\repository\junit\junit\4.11\junit-4.11.jar;C:\Users\dhair\.m2\repository\org\hamcrest\hamcrest-core\1.3\hamcrest-core-1.3.jar;C:\Users\dhair\.m2\repository\org\openjfx\javafx-controls\11\javafx-controls-11.jar;C:\Users\dhair\.m2\repository\org\openjfx\javafx-controls\11\javafx-controls-11-win.jar;C:\Users\dhair\.m2\repository\org\openjfx\javafx-graphics\11\javafx-graphics-11.jar;C:\Users\dhair\.m2\repository\org\openjfx\javafx-graphics\11\javafx-graphics-11-win.jar;C:\Users\dhair\.m2\repository\org\openjfx\javafx-base\11\javafx-base-11.jar;C:\Users\dhair\.m2\repository\org\openjfx\javafx-base\11\javafx-base-11-win.jar;"/>
    <property name="sun.cpu.endian" value="little"/>
    <property name="user.home" value="C:\Users\dhair"/>
    <property name="user.language" value="en"/>
    <property name="java.specification.vendor" value="Oracle Corporation"/>
    <property name="java.version.date" value="2018-10-16"/>
    <property name="java.home" value="C:\Program Files\Java\jdk-11.0.1"/>
    <property name="file.separator" value="\"/>
    <property name="basedir" value="C:\Users\dhair\Documents\Truss"/>
    <property name="java.vm.compressedOopsMode" value="Zero based"/>
    <property name="line.separator" value="&#10;"/>
    <property name="java.specification.name" value="Java Platform API Specification"/>
    <property name="java.vm.specification.vendor" value="Oracle Corporation"/>
    <property name="java.awt.graphicsenv" value="sun.awt.Win32GraphicsEnvironment"/>
    <property name="surefire.real.class.path" value="C:\Users\dhair\AppData\Local\Temp\surefire3556660613645892875\surefirebooter542067982640901061.jar"/>
    <property name="user.script" value=""/>
    <property name="sun.management.compiler" value="HotSpot 64-Bit Tiered Compilers"/>
    <property name="java.runtime.version" value="11.0.1+13-LTS"/>
    <property name="user.name" value="dhair"/>
    <property name="path.separator" value=";"/>
    <property name="os.version" value="10.0"/>
    <property name="java.runtime.name" value="Java(TM) SE Runtime Environment"/>
    <property name="file.encoding" value="Cp1252"/>
    <property name="java.vm.name" value="Java HotSpot(TM) 64-Bit Server VM"/>
    <property name="java.vendor.version" value="18.9"/>
    <property name="localRepository" value="C:\Users\dhair\.m2\repository"/>
    <property name="java.vendor.url.bug" value="http://bugreport.java.com/bugreport/"/>
    <property name="java.io.tmpdir" value="C:\Users\dhair\AppData\Local\Temp\"/>
    <property name="java.version" value="11.0.1"/>
    <property name="user.dir" value="C:\Users\dhair\Documents\Truss"/>
    <property name="os.arch" value="amd64"/>
    <property name="java.vm.specification.name" value="Java Virtual Machine Specification"/>
    <property name="java.awt.printerjob" value="sun.awt.windows.WPrinterJob"/>
    <property name="sun.os.patch.level" value=""/>
    <property name="java.library.path" value="C:\Program Files\Java\jdk-11.0.1\bin;C:\WINDOWS\Sun\Java\bin;C:\WINDOWS\system32;C:\WINDOWS;C:\Program Files\Microsoft MPI\Bin\;C:\ProgramData\Oracle\Java\javapath;C:\Windows\system32;C:\Windows;C:\Windows\System32\Wbem;C:\Windows\System32\WindowsPowerShell\v1.0\;C:\Program Files (x86)\NVIDIA Corporation\PhysX\Common;C:\Program Files\Intel\WiFi\bin\;C:\Program Files\Common Files\Intel\WirelessCommon\;C:\WINDOWS\system32;C:\WINDOWS;C:\WINDOWS\System32\Wbem;C:\WINDOWS\System32\WindowsPowerShell\v1.0\;C:\WINDOWS\System32\OpenSSH\;C:\MinGW\bin;C:\Program Files\PuTTY\;C:\Program Files (x86)\LyX 2.3\Perl\bin;C:\Program Files\dotnet\;C:\Program Files\MATLAB\R2018b\bin;%JAVA_HOME%;C:\Program Files\Git\cmd;C:\Users\dhair\AppData\Local\Programs\Python\Python37-32\Scripts\;C:\Users\dhair\AppData\Local\Programs\Python\Python37-32\;C:\Users\dhair\AppData\Local\Microsoft\WindowsApps;C:\Users\dhair\AppData\Local\Programs\MiKTeX 2.9\miktex\bin\x64\;C:\Users\dhair\AppData\Local\Programs\Microsoft VS Code\bin;C:\Users\dhair\AppData\Roaming\Python\Python37\Scripts;C:\Program Files\Java\jdk-11.0.1\bin;C:\Program Files\Java\jdk-11.0.1\include;C:\Program Files\Java\jdk-11.0.1\include\win32;C:\cygwin64\bin;C:\cygwin64\usr\x86_64-w64-mingw32\sys-root\mingw\bin;C:\Program Files (x86)\Dr. Memory\bin\;C:\Program Files (x86)\Dr. Memory\bin;C:\Program Files\Racket;C:\Program Files\apache-maven-3.6.0\bin;C:\Program Files\apache-maven-3.6.0\bin ;;."/>
    <property name="java.vendor" value="Oracle Corporation"/>
    <property name="java.vm.info" value="mixed mode"/>
    <property name="java.vm.version" value="11.0.1+13-LTS"/>
    <property name="sun.io.unicode.encoding" value="UnicodeLittle"/>
    <property name="java.class.version" value="55.0"/>
  </properties>
  <testcase name="shouldAnswerWithTrue" classname="truss.AppTest" time="0.002"/>
</testsuite>